<?xml version="1.0" encoding="UTF-8"?>
<testsuite xmlns:xsi="http://www.w3.org/2001/XMLSchema-instance" xsi:noNamespaceSchemaLocation="https://maven.apache.org/surefire/maven-surefire-plugin/xsd/surefire-test-report.xsd" name="com.strider.datadefender.anonymizer.functions.CoreTest" time="0.002" tests="9" errors="0" skipped="0" failures="0">
  <properties>
[...]
</properties>
  <testcase name="testRandomStringFromStream" classname="com.strider.datadefender.anonymizer.functions.CoreTest" time="0"/>
  <testcase name="testRandomStringFromPattern" classname="com.strider.datadefender.anonymizer.functions.CoreTest" time="0"/>
  <testcase name="testRandomDateTime" classname="com.strider.datadefender.anonymizer.functions.CoreTest" time="0"/>
  <testcase name="testRandomGeoLocation" classname="com.strider.datadefender.anonymizer.functions.CoreTest" time="0.001"/>
  <testcase name="testRandomDate" classname="com.strider.datadefender.anonymizer.functions.CoreTest" time="0"/>
  <testcase name="testRandomStringFromFile" classname="com.strider.datadefender.anonymizer.functions.CoreTest" time="0"/>
  <testcase name="testRandomString" classname="com.strider.datadefender.anonymizer.functions.CoreTest" time="0"/>
  <testcase name="testRandomStringFromNonExistentFile" classname="com.strider.datadefender.anonymizer.functions.CoreTest" time="0"/>
  <testcase name="testRandomIpAddress" classname="com.strider.datadefender.anonymizer.functions.CoreTest" time="0.001"/>
</testsuite>